{"numFailedTestSuites":1,"numFailedTests":4,"numPassedTestSuites":0,"numPassedTests":1,"numPendingTestSuites":0,"numPendingTests":0,"numRuntimeErrorTestSuites":1,"numTodoTests":0,"numTotalTestSuites":1,"numTotalTests":5,"openHandles":[],"snapshot":{"added":0,"didUpdate":false,"failure":false,"filesAdded":0,"filesRemoved":0,"filesRemovedList":[],"filesUnmatched":0,"filesUpdated":0,"matched":0,"total":0,"unchecked":0,"uncheckedKeysByFile":[],"unmatched":0,"updated":0},"startTime":1767149233034,"success":false,"testResults":[{"assertionResults":[{"ancestorTitles":["JWT Authentication Tests"],"duration":5015,"failing":false,"failureDetails":[{"message":"thrown: \"Exceeded timeout of 5000 ms for a test.\nAdd a timeout value to this test to increase the timeout, if this is a long-running test. See https://jestjs.io/docs/api#testname-fn-timeout.\""}],"failureMessages":["Error: thrown: \"Exceeded timeout of 5000 ms for a test.\nAdd a timeout value to this test to increase the timeout, if this is a long-running test. See https://jestjs.io/docs/api#testname-fn-timeout.\"\n    at test (C:\\Users\\lozad\\Downloads\\repo\\Gesti-n-de-Eventos\\backend\\tests\\jwt.test.js:24:5)\n    at _dispatchDescribe (C:\\Users\\lozad\\Downloads\\repo\\Gesti-n-de-Eventos\\backend\\node_modules\\jest-circus\\build\\jestAdapterInit.js:604:26)\n    at describe (C:\\Users\\lozad\\Downloads\\repo\\Gesti-n-de-Eventos\\backend\\node_modules\\jest-circus\\build\\jestAdapterInit.js:572:44)\n    at Object.describe (C:\\Users\\lozad\\Downloads\\repo\\Gesti-n-de-Eventos\\backend\\tests\\jwt.test.js:6:1)\n    at Runtime._execModule (C:\\Users\\lozad\\Downloads\\repo\\Gesti-n-de-Eventos\\backend\\node_modules\\jest-runtime\\build\\index.js:1268:24)\n    at Runtime._loadModule (C:\\Users\\lozad\\Downloads\\repo\\Gesti-n-de-Eventos\\backend\\node_modules\\jest-runtime\\build\\index.js:944:12)\n    at Runtime.requireModule (C:\\Users\\lozad\\Downloads\\repo\\Gesti-n-de-Eventos\\backend\\node_modules\\jest-runtime\\build\\index.js:832:12)\n    at jestAdapter (C:\\Users\\lozad\\Downloads\\repo\\Gesti-n-de-Eventos\\backend\\node_modules\\jest-circus\\build\\runner.js:95:13)\n    at runTestInternal (C:\\Users\\lozad\\Downloads\\repo\\Gesti-n-de-Eventos\\backend\\node_modules\\jest-runner\\build\\index.js:275:16)\n    at runTest (C:\\Users\\lozad\\Downloads\\repo\\Gesti-n-de-Eventos\\backend\\node_modules\\jest-runner\\build\\index.js:343:7)"],"fullName":"JWT Authentication Tests POST /registro should create user and return token","invocations":1,"location":null,"numPassingAsserts":0,"retryReasons":[],"startAt":1767149235043,"status":"failed","title":"POST /registro should create user and return token"},{"ancestorTitles":["JWT Authentication Tests"],"duration":5010,"failing":false,"failureDetails":[{"message":"thrown: \"Exceeded timeout of 5000 ms for a test.\nAdd a timeout value to this test to increase the timeout, if this is a long-running test. See https://jestjs.io/docs/api#testname-fn-timeout.\""}],"failureMessages":["Error: thrown: \"Exceeded timeout of 5000 ms for a test.\nAdd a timeout value to this test to increase the timeout, if this is a long-running test. See https://jestjs.io/docs/api#testname-fn-timeout.\"\n    at test (C:\\Users\\lozad\\Downloads\\repo\\Gesti-n-de-Eventos\\backend\\tests\\jwt.test.js:35:5)\n    at _dispatchDescribe (C:\\Users\\lozad\\Downloads\\repo\\Gesti-n-de-Eventos\\backend\\node_modules\\jest-circus\\build\\jestAdapterInit.js:604:26)\n    at describe (C:\\Users\\lozad\\Downloads\\repo\\Gesti-n-de-Eventos\\backend\\node_modules\\jest-circus\\build\\jestAdapterInit.js:572:44)\n    at Object.describe (C:\\Users\\lozad\\Downloads\\repo\\Gesti-n-de-Eventos\\backend\\tests\\jwt.test.js:6:1)\n    at Runtime._execModule (C:\\Users\\lozad\\Downloads\\repo\\Gesti-n-de-Eventos\\backend\\node_modules\\jest-runtime\\build\\index.js:1268:24)\n    at Runtime._loadModule (C:\\Users\\lozad\\Downloads\\repo\\Gesti-n-de-Eventos\\backend\\node_modules\\jest-runtime\\build\\index.js:944:12)\n    at Runtime.requireModule (C:\\Users\\lozad\\Downloads\\repo\\Gesti-n-de-Eventos\\backend\\node_modules\\jest-runtime\\build\\index.js:832:12)\n    at jestAdapter (C:\\Users\\lozad\\Downloads\\repo\\Gesti-n-de-Eventos\\backend\\node_modules\\jest-circus\\build\\runner.js:95:13)\n    at runTestInternal (C:\\Users\\lozad\\Downloads\\repo\\Gesti-n-de-Eventos\\backend\\node_modules\\jest-runner\\build\\index.js:275:16)\n    at runTest (C:\\Users\\lozad\\Downloads\\repo\\Gesti-n-de-Eventos\\backend\\node_modules\\jest-runner\\build\\index.js:343:7)"],"fullName":"JWT Authentication Tests POST /login should return token for valid credentials","invocations":1,"location":null,"numPassingAsserts":0,"retryReasons":[],"startAt":1767149240064,"status":"failed","title":"POST /login should return token for valid credentials"},{"ancestorTitles":["JWT Authentication Tests"],"duration":12,"failing":false,"failureDetails":[],"failureMessages":[],"fullName":"JWT Authentication Tests GET /items (protected) should fail without token","invocations":1,"location":null,"numPassingAsserts":1,"retryReasons":[],"startAt":1767149245076,"status":"passed","title":"GET /items (protected) should fail without token"},{"ancestorTitles":["JWT Authentication Tests"],"duration":10,"failing":false,"failureDetails":[{"matcherResult":{"actual":401,"expected":200,"message":"\u001b[2mexpect(\u001b[22m\u001b[31mreceived\u001b[39m\u001b[2m).\u001b[22mtoBe\u001b[2m(\u001b[22m\u001b[32mexpected\u001b[39m\u001b[2m) // Object.is equality\u001b[22m\n\nExpected: \u001b[32m200\u001b[39m\nReceived: \u001b[31m401\u001b[39m","name":"toBe","pass":false}}],"failureMessages":["Error: \u001b[2mexpect(\u001b[22m\u001b[31mreceived\u001b[39m\u001b[2m).\u001b[22mtoBe\u001b[2m(\u001b[22m\u001b[32mexpected\u001b[39m\u001b[2m) // Object.is equality\u001b[22m\n\nExpected: \u001b[32m200\u001b[39m\nReceived: \u001b[31m401\u001b[39m\n    at Object.toBe (C:\\Users\\lozad\\Downloads\\repo\\Gesti-n-de-Eventos\\backend\\tests\\jwt.test.js:61:32)\n    at processTicksAndRejections (node:internal/process/task_queues:105:5)"],"fullName":"JWT Authentication Tests GET /items (protected) should succeed with valid token","invocations":1,"location":null,"numPassingAsserts":0,"retryReasons":[],"startAt":1767149245089,"status":"failed","title":"GET /items (protected) should succeed with valid token"},{"ancestorTitles":["JWT Authentication Tests"],"duration":5014,"failing":false,"failureDetails":[{"message":"thrown: \"Exceeded timeout of 5000 ms for a test.\nAdd a timeout value to this test to increase the timeout, if this is a long-running test. See https://jestjs.io/docs/api#testname-fn-timeout.\""}],"failureMessages":["Error: thrown: \"Exceeded timeout of 5000 ms for a test.\nAdd a timeout value to this test to increase the timeout, if this is a long-running test. See https://jestjs.io/docs/api#testname-fn-timeout.\"\n    at test (C:\\Users\\lozad\\Downloads\\repo\\Gesti-n-de-Eventos\\backend\\tests\\jwt.test.js:65:5)\n    at _dispatchDescribe (C:\\Users\\lozad\\Downloads\\repo\\Gesti-n-de-Eventos\\backend\\node_modules\\jest-circus\\build\\jestAdapterInit.js:604:26)\n    at describe (C:\\Users\\lozad\\Downloads\\repo\\Gesti-n-de-Eventos\\backend\\node_modules\\jest-circus\\build\\jestAdapterInit.js:572:44)\n    at Object.describe (C:\\Users\\lozad\\Downloads\\repo\\Gesti-n-de-Eventos\\backend\\tests\\jwt.test.js:6:1)\n    at Runtime._execModule (C:\\Users\\lozad\\Downloads\\repo\\Gesti-n-de-Eventos\\backend\\node_modules\\jest-runtime\\build\\index.js:1268:24)\n    at Runtime._loadModule (C:\\Users\\lozad\\Downloads\\repo\\Gesti-n-de-Eventos\\backend\\node_modules\\jest-runtime\\build\\index.js:944:12)\n    at Runtime.requireModule (C:\\Users\\lozad\\Downloads\\repo\\Gesti-n-de-Eventos\\backend\\node_modules\\jest-runtime\\build\\index.js:832:12)\n    at jestAdapter (C:\\Users\\lozad\\Downloads\\repo\\Gesti-n-de-Eventos\\backend\\node_modules\\jest-circus\\build\\runner.js:95:13)\n    at runTestInternal (C:\\Users\\lozad\\Downloads\\repo\\Gesti-n-de-Eventos\\backend\\node_modules\\jest-runner\\build\\index.js:275:16)\n    at runTest (C:\\Users\\lozad\\Downloads\\repo\\Gesti-n-de-Eventos\\backend\\node_modules\\jest-runner\\build\\index.js:343:7)"],"fullName":"JWT Authentication Tests POST /login should fail with invalid credentials","invocations":1,"location":null,"numPassingAsserts":0,"retryReasons":[],"startAt":1767149245100,"status":"failed","title":"POST /login should fail with invalid credentials"}],"coverage":{},"endTime":1767149255155,"message":"\u001b[1m\u001b[31m  \u001b[1m● \u001b[22m\u001b[1mJWT Authentication Tests › POST /registro should create user and return token\u001b[39m\u001b[22m\n\n    thrown: \"Exceeded timeout of 5000 ms for a test.\n    Add a timeout value to this test to increase the timeout, if this is a long-running test. See https://jestjs.io/docs/api#testname-fn-timeout.\"\n\u001b[2m\u001b[22m\n\u001b[2m    \u001b[0m \u001b[90m 22 |\u001b[39m     })\u001b[33m;\u001b[39m\u001b[22m\n\u001b[2m     \u001b[90m 23 |\u001b[39m\u001b[22m\n\u001b[2m    \u001b[31m\u001b[1m>\u001b[22m\u001b[2m\u001b[39m\u001b[90m 24 |\u001b[39m     test(\u001b[32m'POST /registro should create user and return token'\u001b[39m\u001b[33m,\u001b[39m \u001b[36masync\u001b[39m () \u001b[33m=>\u001b[39m {\u001b[22m\n\u001b[2m     \u001b[90m    |\u001b[39m     \u001b[31m\u001b[1m^\u001b[22m\u001b[2m\u001b[39m\u001b[22m\n\u001b[2m     \u001b[90m 25 |\u001b[39m         \u001b[36mconst\u001b[39m res \u001b[33m=\u001b[39m \u001b[36mawait\u001b[39m request(app)\u001b[22m\n\u001b[2m     \u001b[90m 26 |\u001b[39m             \u001b[33m.\u001b[39mpost(\u001b[32m'/registro'\u001b[39m)\u001b[22m\n\u001b[2m     \u001b[90m 27 |\u001b[39m             \u001b[33m.\u001b[39msend(testUser)\u001b[33m;\u001b[39m\u001b[0m\u001b[22m\n\u001b[2m\u001b[22m\n\u001b[2m      \u001b[2mat test (\u001b[22m\u001b[2m\u001b[0m\u001b[36mtests/jwt.test.js\u001b[39m\u001b[0m\u001b[2m:24:5)\u001b[22m\u001b[2m\u001b[22m\n\u001b[2m      \u001b[2mat Object.describe (\u001b[22m\u001b[2m\u001b[0m\u001b[36mtests/jwt.test.js\u001b[39m\u001b[0m\u001b[2m:6:1)\u001b[22m\u001b[2m\u001b[22m\n\n\u001b[1m\u001b[31m  \u001b[1m● \u001b[22m\u001b[1mJWT Authentication Tests › POST /login should return token for valid credentials\u001b[39m\u001b[22m\n\n    thrown: \"Exceeded timeout of 5000 ms for a test.\n    Add a timeout value to this test to increase the timeout, if this is a long-running test. See https://jestjs.io/docs/api#testname-fn-timeout.\"\n\u001b[2m\u001b[22m\n\u001b[2m    \u001b[0m \u001b[90m 33 |\u001b[39m     })\u001b[33m;\u001b[39m\u001b[22m\n\u001b[2m     \u001b[90m 34 |\u001b[39m\u001b[22m\n\u001b[2m    \u001b[31m\u001b[1m>\u001b[22m\u001b[2m\u001b[39m\u001b[90m 35 |\u001b[39m     test(\u001b[32m'POST /login should return token for valid credentials'\u001b[39m\u001b[33m,\u001b[39m \u001b[36masync\u001b[39m () \u001b[33m=>\u001b[39m {\u001b[22m\n\u001b[2m     \u001b[90m    |\u001b[39m     \u001b[31m\u001b[1m^\u001b[22m\u001b[2m\u001b[39m\u001b[22m\n\u001b[2m     \u001b[90m 36 |\u001b[39m         \u001b[36mconst\u001b[39m res \u001b[33m=\u001b[39m \u001b[36mawait\u001b[39m request(app)\u001b[22m\n\u001b[2m     \u001b[90m 37 |\u001b[39m             \u001b[33m.\u001b[39mpost(\u001b[32m'/login'\u001b[39m)\u001b[22m\n\u001b[2m     \u001b[90m 38 |\u001b[39m             \u001b[33m.\u001b[39msend({\u001b[0m\u001b[22m\n\u001b[2m\u001b[22m\n\u001b[2m      \u001b[2mat test (\u001b[22m\u001b[2m\u001b[0m\u001b[36mtests/jwt.test.js\u001b[39m\u001b[0m\u001b[2m:35:5)\u001b[22m\u001b[2m\u001b[22m\n\u001b[2m      \u001b[2mat Object.describe (\u001b[22m\u001b[2m\u001b[0m\u001b[36mtests/jwt.test.js\u001b[39m\u001b[0m\u001b[2m:6:1)\u001b[22m\u001b[2m\u001b[22m\n\n\u001b[1m\u001b[31m  \u001b[1m● \u001b[22m\u001b[1mJWT Authentication Tests › GET /items (protected) should succeed with valid token\u001b[39m\u001b[22m\n\n    \u001b[2mexpect(\u001b[22m\u001b[31mreceived\u001b[39m\u001b[2m).\u001b[22mtoBe\u001b[2m(\u001b[22m\u001b[32mexpected\u001b[39m\u001b[2m) // Object.is equality\u001b[22m\n\n    Expected: \u001b[32m200\u001b[39m\n    Received: \u001b[31m401\u001b[39m\n\u001b[2m\u001b[22m\n\u001b[2m    \u001b[0m \u001b[90m 59 |\u001b[39m\u001b[22m\n\u001b[2m     \u001b[90m 60 |\u001b[39m         \u001b[90m// Assuming /items returns 200 OK and an array\u001b[39m\u001b[22m\n\u001b[2m    \u001b[31m\u001b[1m>\u001b[22m\u001b[2m\u001b[39m\u001b[90m 61 |\u001b[39m         expect(res\u001b[33m.\u001b[39mstatusCode)\u001b[33m.\u001b[39mtoBe(\u001b[35m200\u001b[39m)\u001b[33m;\u001b[39m\u001b[22m\n\u001b[2m     \u001b[90m    |\u001b[39m                                \u001b[31m\u001b[1m^\u001b[22m\u001b[2m\u001b[39m\u001b[22m\n\u001b[2m     \u001b[90m 62 |\u001b[39m         expect(\u001b[33mArray\u001b[39m\u001b[33m.\u001b[39misArray(res\u001b[33m.\u001b[39mbody))\u001b[33m.\u001b[39mtoBe(\u001b[36mtrue\u001b[39m)\u001b[33m;\u001b[39m\u001b[22m\n\u001b[2m     \u001b[90m 63 |\u001b[39m     })\u001b[33m;\u001b[39m\u001b[22m\n\u001b[2m     \u001b[90m 64 |\u001b[39m\u001b[0m\u001b[22m\n\u001b[2m\u001b[22m\n\u001b[2m      \u001b[2mat Object.toBe (\u001b[22m\u001b[2m\u001b[0m\u001b[36mtests/jwt.test.js\u001b[39m\u001b[0m\u001b[2m:61:32)\u001b[22m\u001b[2m\u001b[22m\n\n\u001b[1m\u001b[31m  \u001b[1m● \u001b[22m\u001b[1mJWT Authentication Tests › POST /login should fail with invalid credentials\u001b[39m\u001b[22m\n\n    thrown: \"Exceeded timeout of 5000 ms for a test.\n    Add a timeout value to this test to increase the timeout, if this is a long-running test. See https://jestjs.io/docs/api#testname-fn-timeout.\"\n\u001b[2m\u001b[22m\n\u001b[2m    \u001b[0m \u001b[90m 63 |\u001b[39m     })\u001b[33m;\u001b[39m\u001b[22m\n\u001b[2m     \u001b[90m 64 |\u001b[39m\u001b[22m\n\u001b[2m    \u001b[31m\u001b[1m>\u001b[22m\u001b[2m\u001b[39m\u001b[90m 65 |\u001b[39m     test(\u001b[32m'POST /login should fail with invalid credentials'\u001b[39m\u001b[33m,\u001b[39m \u001b[36masync\u001b[39m () \u001b[33m=>\u001b[39m {\u001b[22m\n\u001b[2m     \u001b[90m    |\u001b[39m     \u001b[31m\u001b[1m^\u001b[22m\u001b[2m\u001b[39m\u001b[22m\n\u001b[2m     \u001b[90m 66 |\u001b[39m         \u001b[36mconst\u001b[39m res \u001b[33m=\u001b[39m \u001b[36mawait\u001b[39m request(app)\u001b[22m\n\u001b[2m     \u001b[90m 67 |\u001b[39m             \u001b[33m.\u001b[39mpost(\u001b[32m'/login'\u001b[39m)\u001b[22m\n\u001b[2m     \u001b[90m 68 |\u001b[39m             \u001b[33m.\u001b[39msend({\u001b[0m\u001b[22m\n\u001b[2m\u001b[22m\n\u001b[2m      \u001b[2mat test (\u001b[22m\u001b[2m\u001b[0m\u001b[36mtests/jwt.test.js\u001b[39m\u001b[0m\u001b[2m:65:5)\u001b[22m\u001b[2m\u001b[22m\n\u001b[2m      \u001b[2mat Object.describe (\u001b[22m\u001b[2m\u001b[0m\u001b[36mtests/jwt.test.js\u001b[39m\u001b[0m\u001b[2m:6:1)\u001b[22m\u001b[2m\u001b[22m\n\n\n  \u001b[1m● \u001b[22mTest suite failed to run\n\n    thrown: \"Exceeded timeout of 5000 ms for a hook.\n    Add a timeout value to this test to increase the timeout, if this is a long-running test. See https://jestjs.io/docs/api#testname-fn-timeout.\"\n\n    \u001b[0m \u001b[90m 13 |\u001b[39m     }\u001b[33m;\u001b[39m\n     \u001b[90m 14 |\u001b[39m\n    \u001b[31m\u001b[1m>\u001b[22m\u001b[39m\u001b[90m 15 |\u001b[39m     afterAll(\u001b[36masync\u001b[39m () \u001b[33m=>\u001b[39m {\n     \u001b[90m    |\u001b[39m     \u001b[31m\u001b[1m^\u001b[22m\u001b[39m\n     \u001b[90m 16 |\u001b[39m         \u001b[90m// Clean up: delete the test user\u001b[39m\n     \u001b[90m 17 |\u001b[39m         \u001b[36mif\u001b[39m (testUser\u001b[33m.\u001b[39memail) {\n     \u001b[90m 18 |\u001b[39m             \u001b[36mawait\u001b[39m \u001b[33mUsuario\u001b[39m\u001b[33m.\u001b[39mdeleteOne({ email\u001b[33m:\u001b[39m testUser\u001b[33m.\u001b[39memail })\u001b[33m;\u001b[39m\u001b[0m\n\n      \u001b[2mat afterAll (\u001b[22m\u001b[0m\u001b[36mtests/jwt.test.js\u001b[39m\u001b[0m\u001b[2m:15:5)\u001b[22m\n      \u001b[2mat Object.describe (\u001b[22m\u001b[0m\u001b[36mtests/jwt.test.js\u001b[39m\u001b[0m\u001b[2m:6:1)\u001b[22m\n","name":"C:\\Users\\lozad\\Downloads\\repo\\Gesti-n-de-Eventos\\backend\\tests\\jwt.test.js","startTime":1767149255155,"status":"failed","summary":""}],"wasInterrupted":false}
